This is pdfTeX, Version 3.141592653-2.6-1.40.25 (TeX Live 2023) (preloaded format=pdflatex 2023.5.2)  20 JUL 2023 12:49
entering extended mode
 restricted \write18 enabled.
 file:line:error style messages enabled.
 %&-line parsing enabled.
**/Users/asyagrechka/Vaults/ObsidianWork/Resources/phD_thesis/content/04_gradpaint.tex
(/Users/asyagrechka/Vaults/ObsidianWork/Resources/phD_thesis/content/04_gradpaint.tex
LaTeX2e <2022-11-01> patch level 1
L3 programming layer <2023-02-22>
/Users/asyagrechka/Vaults/ObsidianWork/Resources/phD_thesis/content/04_gradpaint.tex:1: Undefined control sequence.
l.1 \chapter
            {GradPaint}
The control sequence at the end of the top line
of your error message was never \def'ed. If you have
misspelled it (e.g., `\hobx'), type `I' and the correct
spelling (e.g., `I\hbox'). Otherwise just continue,
and I'll forget about whatever was undefined.


/Users/asyagrechka/Vaults/ObsidianWork/Resources/phD_thesis/content/04_gradpaint.tex:1: LaTeX Error: Missing \begin{document}.

See the LaTeX manual or LaTeX Companion for explanation.
Type  H <return>  for immediate help.
 ...                                              
                                                  
l.1 \chapter{G
              radPaint}
You're in trouble here.  Try typing  <return>  to proceed.
If that doesn't work, type  X <return>  to quit.

Missing character: There is no G in font nullfont!
Missing character: There is no r in font nullfont!
Missing character: There is no a in font nullfont!
Missing character: There is no d in font nullfont!
Missing character: There is no P in font nullfont!
Missing character: There is no a in font nullfont!
Missing character: There is no i in font nullfont!
Missing character: There is no n in font nullfont!
Missing character: There is no t in font nullfont!

Overfull \hbox (20.0pt too wide) in paragraph at lines 1--3
[]
 []

/Users/asyagrechka/Vaults/ObsidianWork/Resources/phD_thesis/content/04_gradpaint.tex:11: Undefined control sequence.
l.11 \minitoc
             
The control sequence at the end of the top line
of your error message was never \def'ed. If you have
misspelled it (e.g., `\hobx'), type `I' and the correct
spelling (e.g., `I\hbox'). Otherwise just continue,
and I'll forget about whatever was undefined.

/Users/asyagrechka/Vaults/ObsidianWork/Resources/phD_thesis/content/04_gradpaint.tex:12: Undefined control sequence.
l.12 \chapterwithfigures
                        {\nameref*{chapter:gradpaint}} \chapterwithtables{\n...
The control sequence at the end of the top line
of your error message was never \def'ed. If you have
misspelled it (e.g., `\hobx'), type `I' and the correct
spelling (e.g., `I\hbox'). Otherwise just continue,
and I'll forget about whatever was undefined.

/Users/asyagrechka/Vaults/ObsidianWork/Resources/phD_thesis/content/04_gradpaint.tex:12: Undefined control sequence.
l.12 \chapterwithfigures{\nameref
                                 *{chapter:gradpaint}} \chapterwithtables{\n...
The control sequence at the end of the top line
of your error message was never \def'ed. If you have
misspelled it (e.g., `\hobx'), type `I' and the correct
spelling (e.g., `I\hbox'). Otherwise just continue,
and I'll forget about whatever was undefined.


/Users/asyagrechka/Vaults/ObsidianWork/Resources/phD_thesis/content/04_gradpaint.tex:12: LaTeX Error: Missing \begin{document}.

See the LaTeX manual or LaTeX Companion for explanation.
Type  H <return>  for immediate help.
 ...                                              
                                                  
l.12 \chapterwithfigures{\nameref*
                                  {chapter:gradpaint}} \chapterwithtables{\n...
You're in trouble here.  Try typing  <return>  to proceed.
If that doesn't work, type  X <return>  to quit.

Missing character: There is no * in font nullfont!
Missing character: There is no c in font nullfont!
Missing character: There is no h in font nullfont!
Missing character: There is no a in font nullfont!
Missing character: There is no p in font nullfont!
Missing character: There is no t in font nullfont!
Missing character: There is no e in font nullfont!
Missing character: There is no r in font nullfont!
Missing character: There is no : in font nullfont!
Missing character: There is no g in font nullfont!
Missing character: There is no r in font nullfont!
Missing character: There is no a in font nullfont!
Missing character: There is no d in font nullfont!
Missing character: There is no p in font nullfont!
Missing character: There is no a in font nullfont!
Missing character: There is no i in font nullfont!
Missing character: There is no n in font nullfont!
Missing character: There is no t in font nullfont!
/Users/asyagrechka/Vaults/ObsidianWork/Resources/phD_thesis/content/04_gradpaint.tex:12: Undefined control sequence.
l.12 ...ef*{chapter:gradpaint}} \chapterwithtables
                                                  {\nameref*{chapter:gradpai...
The control sequence at the end of the top line
of your error message was never \def'ed. If you have
misspelled it (e.g., `\hobx'), type `I' and the correct
spelling (e.g., `I\hbox'). Otherwise just continue,
and I'll forget about whatever was undefined.

/Users/asyagrechka/Vaults/ObsidianWork/Resources/phD_thesis/content/04_gradpaint.tex:12: Undefined control sequence.
l.12 ...er:gradpaint}} \chapterwithtables{\nameref
                                                  *{chapter:gradpaint}}
The control sequence at the end of the top line
of your error message was never \def'ed. If you have
misspelled it (e.g., `\hobx'), type `I' and the correct
spelling (e.g., `I\hbox'). Otherwise just continue,
and I'll forget about whatever was undefined.

Missing character: There is no * in font nullfont!
Missing character: There is no c in font nullfont!
Missing character: There is no h in font nullfont!
Missing character: There is no a in font nullfont!
Missing character: There is no p in font nullfont!
Missing character: There is no t in font nullfont!
Missing character: There is no e in font nullfont!
Missing character: There is no r in font nullfont!
Missing character: There is no : in font nullfont!
Missing character: There is no g in font nullfont!
Missing character: There is no r in font nullfont!
Missing character: There is no a in font nullfont!
Missing character: There is no d in font nullfont!
Missing character: There is no p in font nullfont!
Missing character: There is no a in font nullfont!
Missing character: There is no i in font nullfont!
Missing character: There is no n in font nullfont!
Missing character: There is no t in font nullfont!

Overfull \hbox (20.0pt too wide) in paragraph at lines 12--13
[]
 []

/Users/asyagrechka/Vaults/ObsidianWork/Resources/phD_thesis/content/04_gradpaint.tex:14: Undefined control sequence.
l.14 \ifthenelse
                {\boolean{skipGrad}}{\endinput}{}
The control sequence at the end of the top line
of your error message was never \def'ed. If you have
misspelled it (e.g., `\hobx'), type `I' and the correct
spelling (e.g., `I\hbox'). Otherwise just continue,
and I'll forget about whatever was undefined.

/Users/asyagrechka/Vaults/ObsidianWork/Resources/phD_thesis/content/04_gradpaint.tex:14: Undefined control sequence.
l.14 \ifthenelse{\boolean
                         {skipGrad}}{\endinput}{}
The control sequence at the end of the top line
of your error message was never \def'ed. If you have
misspelled it (e.g., `\hobx'), type `I' and the correct
spelling (e.g., `I\hbox'). Otherwise just continue,
and I'll forget about whatever was undefined.


/Users/asyagrechka/Vaults/ObsidianWork/Resources/phD_thesis/content/04_gradpaint.tex:14: LaTeX Error: Missing \begin{document}.

See the LaTeX manual or LaTeX Companion for explanation.
Type  H <return>  for immediate help.
 ...                                              
                                                  
l.14 \ifthenelse{\boolean{s
                           kipGrad}}{\endinput}{}
You're in trouble here.  Try typing  <return>  to proceed.
If that doesn't work, type  X <return>  to quit.

Missing character: There is no s in font nullfont!
Missing character: There is no k in font nullfont!
Missing character: There is no i in font nullfont!
Missing character: There is no p in font nullfont!
Missing character: There is no G in font nullfont!
Missing character: There is no r in font nullfont!
Missing character: There is no a in font nullfont!
Missing character: There is no d in font nullfont!
)
! Emergency stop.
<*> ...sources/phD_thesis/content/04_gradpaint.tex
                                                  
*** (job aborted, no legal \end found)

 
Here is how much of TeX's memory you used:
 17 strings out of 476025
 605 string characters out of 5790018
 1849388 words of memory out of 5000000
 20569 multiletter control sequences out of 15000+600000
 512287 words of font info for 32 fonts, out of 8000000 for 9000
 1141 hyphenation exceptions out of 8191
 13i,0n,12p,215b,20s stack positions out of 10000i,1000n,20000p,200000b,200000s
!  ==> Fatal error occurred, no output PDF file produced!
